<?xml version="1.0" encoding="UTF-8"?>
<testsuite name="day6.Day6KtTest" tests="1" skipped="0" failures="0" errors="0" timestamp="2022-12-08T14:25:06" hostname="MacBook-Pro-6.local" time="0.016">
  <properties/>
  <testcase name="findFirstMarker14()" classname="day6.Day6KtTest" time="0.016"/>
  <system-out><![CDATA[]]></system-out>
  <system-err><![CDATA[]]></system-err>
</testsuite>
